Collecting tensorflow
  Downloading tensorflow-2.20.0-cp312-cp312-manylinux_2_17_x86_64.manylinux2014_x86_64.whl.metadata (4.5 kB)
Collecting Pillow
  Downloading pillow-12.1.1-cp312-cp312-manylinux_2_27_x86_64.manylinux_2_28_x86_64.whl.metadata (8.8 kB)
Collecting numpy
  Downloading numpy-2.4.2-cp312-cp312-manylinux_2_27_x86_64.manylinux_2_28_x86_64.whl.metadata (6.6 kB)
Collecting absl-py>=1.0.0 (from tensorflow)
  Downloading absl_py-2.4.0-py3-none-any.whl.metadata (3.3 kB)
Collecting astunparse>=1.6.0 (from tensorflow)
  Downloading astunparse-1.6.3-py2.py3-none-any.whl.metadata (4.4 kB)
Collecting flatbuffers>=24.3.25 (from tensorflow)
  Downloading flatbuffers-25.12.19-py2.py3-none-any.whl.metadata (1.0 kB)
Collecting gast!=0.5.0,!=0.5.1,!=0.5.2,>=0.2.1 (from tensorflow)
  Downloading gast-0.7.0-py3-none-any.whl.metadata (1.5 kB)
Collecting google_pasta>=0.1.1 (from tensorflow)
  Downloading google_pasta-0.2.0-py3-none-any.whl.metadata (814 bytes)
Collecting libclang>=13.0.0 (from tensorflow)
  Downloading libclang-18.1.1-py2.py3-none-manylinux2010_x86_64.whl.metadata (5.2 kB)
Collecting opt_einsum>=2.3.2 (from tensorflow)
  Downloading opt_einsum-3.4.0-py3-none-any.whl.metadata (6.3 kB)
Collecting packaging (from tensorflow)
  Using cached packaging-26.0-py3-none-any.whl.metadata (3.3 kB)
Collecting protobuf>=5.28.0 (from tensorflow)
  Downloading protobuf-7.34.0-cp310-abi3-manylinux2014_x86_64.whl.metadata (595 bytes)
Collecting requests<3,>=2.21.0 (from tensorflow)
  Using cached requests-2.32.5-py3-none-any.whl.metadata (4.9 kB)
Collecting setuptools (from tensorflow)
  Downloading setuptools-82.0.0-py3-none-any.whl.metadata (6.6 kB)
Collecting six>=1.12.0 (from tensorflow)
  Using cached six-1.17.0-py2.py3-none-any.whl.metadata (1.7 kB)
Collecting termcolor>=1.1.0 (from tensorflow)
  Downloading termcolor-3.3.0-py3-none-any.whl.metadata (6.5 kB)
Collecting typing_extensions>=3.6.6 (from tensorflow)
  Using cached typing_extensions-4.15.0-py3-none-any.whl.metadata (3.3 kB)
Collecting wrapt>=1.11.0 (from tensorflow)
  Downloading wrapt-2.1.2-cp312-cp312-manylinux1_x86_64.manylinux_2_28_x86_64.manylinux_2_5_x86_64.whl.metadata (7.4 kB)
Collecting grpcio<2.0,>=1.24.3 (from tensorflow)
  Downloading grpcio-1.78.0-cp312-cp312-manylinux2014_x86_64.manylinux_2_17_x86_64.whl.metadata (3.8 kB)
Collecting tensorboard~=2.20.0 (from tensorflow)
  Downloading tensorboard-2.20.0-py3-none-any.whl.metadata (1.8 kB)
Collecting keras>=3.10.0 (from tensorflow)
  Downloading keras-3.13.2-py3-none-any.whl.metadata (6.3 kB)
Collecting h5py>=3.11.0 (from tensorflow)
  Downloading h5py-3.15.1-cp312-cp312-manylinux_2_27_x86_64.manylinux_2_28_x86_64.whl.metadata (3.0 kB)
Collecting ml_dtypes<1.0.0,>=0.5.1 (from tensorflow)
  Downloading ml_dtypes-0.5.4-cp312-cp312-manylinux_2_27_x86_64.manylinux_2_28_x86_64.whl.metadata (8.9 kB)
Collecting charset_normalizer<4,>=2 (from requests<3,>=2.21.0->tensorflow)
  Downloading charset_normalizer-3.4.5-cp312-cp312-manylinux2014_x86_64.manylinux_2_17_x86_64.manylinux_2_28_x86_64.whl.metadata (39 kB)
Collecting idna<4,>=2.5 (from requests<3,>=2.21.0->tensorflow)
  Using cached idna-3.11-py3-none-any.whl.metadata (8.4 kB)
Collecting urllib3<3,>=1.21.1 (from requests<3,>=2.21.0->tensorflow)
  Using cached urllib3-2.6.3-py3-none-any.whl.metadata (6.9 kB)
Collecting certifi>=2017.4.17 (from requests<3,>=2.21.0->tensorflow)
  Downloading certifi-2026.2.25-py3-none-any.whl.metadata (2.5 kB)
Collecting markdown>=2.6.8 (from tensorboard~=2.20.0->tensorflow)
  Downloading markdown-3.10.2-py3-none-any.whl.metadata (5.1 kB)
Collecting tensorboard-data-server<0.8.0,>=0.7.0 (from tensorboard~=2.20.0->tensorflow)
  Downloading tensorboard_data_server-0.7.2-py3-none-manylinux_2_31_x86_64.whl.metadata (1.1 kB)
Collecting werkzeug>=1.0.1 (from tensorboard~=2.20.0->tensorflow)
  Downloading werkzeug-3.1.6-py3-none-any.whl.metadata (4.0 kB)
Collecting wheel<1.0,>=0.23.0 (from astunparse>=1.6.0->tensorflow)
  Downloading wheel-0.46.3-py3-none-any.whl.metadata (2.4 kB)
Collecting rich (from keras>=3.10.0->tensorflow)
  Downloading rich-14.3.3-py3-none-any.whl.metadata (18 kB)
Collecting namex (from keras>=3.10.0->tensorflow)
  Downloading namex-0.1.0-py3-none-any.whl.metadata (322 bytes)
Collecting optree (from keras>=3.10.0->tensorflow)
  Downloading optree-0.19.0-cp312-cp312-manylinux_2_27_x86_64.manylinux_2_28_x86_64.whl.metadata (34 kB)
Collecting markupsafe>=2.1.1 (from werkzeug>=1.0.1->tensorboard~=2.20.0->tensorflow)
  Downloading markupsafe-3.0.3-cp312-cp312-manylinux2014_x86_64.manylinux_2_17_x86_64.manylinux_2_28_x86_64.whl.metadata (2.7 kB)
Collecting markdown-it-py>=2.2.0 (from rich->keras>=3.10.0->tensorflow)
  Downloading markdown_it_py-4.0.0-py3-none-any.whl.metadata (7.3 kB)
Collecting pygments<3.0.0,>=2.13.0 (from rich->keras>=3.10.0->tensorflow)
  Using cached pygments-2.19.2-py3-none-any.whl.metadata (2.5 kB)
Collecting mdurl~=0.1 (from markdown-it-py>=2.2.0->rich->keras>=3.10.0->tensorflow)
  Downloading mdurl-0.1.2-py3-none-any.whl.metadata (1.6 kB)
Downloading tensorflow-2.20.0-cp312-cp312-manylinux_2_17_x86_64.manylinux2014_x86_64.whl (620.7 MB)
   ━━━━━━━━━━━━━━━━━━━━━━━━━━━━━━━━━━━━━━━━ 620.7/620.7 MB 7.7 MB/s  0:01:32
Downloading grpcio-1.78.0-cp312-cp312-manylinux2014_x86_64.manylinux_2_17_x86_64.whl (6.7 MB)
   ━━━━━━━━━━━━━━━━━━━━━━━━━━━━━━━━━━━━━━━━ 6.7/6.7 MB 10.0 MB/s  0:00:00
Downloading ml_dtypes-0.5.4-cp312-cp312-manylinux_2_27_x86_64.manylinux_2_28_x86_64.whl (5.0 MB)
   ━━━━━━━━━━━━━━━━━━━━━━━━━━━━━━━━━━━━━━━━ 5.0/5.0 MB 7.4 MB/s  0:00:00
Using cached requests-2.32.5-py3-none-any.whl (64 kB)
Downloading charset_normalizer-3.4.5-cp312-cp312-manylinux2014_x86_64.manylinux_2_17_x86_64.manylinux_2_28_x86_64.whl (196 kB)
Using cached idna-3.11-py3-none-any.whl (71 kB)
Downloading tensorboard-2.20.0-py3-none-any.whl (5.5 MB)
   ━━━━━━━━━━━━━━━━━━━━━━━━━━━━━━━━━━━━━━━━ 5.5/5.5 MB 10.0 MB/s  0:00:00
Downloading tensorboard_data_server-0.7.2-py3-none-manylinux_2_31_x86_64.whl (6.6 MB)
   ━━━━━━━━━━━━━━━━━━━━━━━━━━━━━━━━━━━━━━━━ 6.6/6.6 MB 9.8 MB/s  0:00:00
Using cached typing_extensions-4.15.0-py3-none-any.whl (44 kB)
Using cached urllib3-2.6.3-py3-none-any.whl (131 kB)
Downloading pillow-12.1.1-cp312-cp312-manylinux_2_27_x86_64.manylinux_2_28_x86_64.whl (7.0 MB)
   ━━━━━━━━━━━━━━━━━━━━━━━━━━━━━━━━━━━━━━━━ 7.0/7.0 MB 10.2 MB/s  0:00:00
Downloading numpy-2.4.2-cp312-cp312-manylinux_2_27_x86_64.manylinux_2_28_x86_64.whl (16.6 MB)
   ━━━━━━━━━━━━━━━━━━━━━━━━━━━━━━━━━━━━━━━━ 16.6/16.6 MB 7.3 MB/s  0:00:02
Downloading absl_py-2.4.0-py3-none-any.whl (135 kB)
Downloading astunparse-1.6.3-py2.py3-none-any.whl (12 kB)
Using cached six-1.17.0-py2.py3-none-any.whl (11 kB)
Downloading wheel-0.46.3-py3-none-any.whl (30 kB)
Downloading certifi-2026.2.25-py3-none-any.whl (153 kB)
Downloading flatbuffers-25.12.19-py2.py3-none-any.whl (26 kB)
Downloading gast-0.7.0-py3-none-any.whl (22 kB)
Downloading google_pasta-0.2.0-py3-none-any.whl (57 kB)
Downloading h5py-3.15.1-cp312-cp312-manylinux_2_27_x86_64.manylinux_2_28_x86_64.whl (5.1 MB)
   ━━━━━━━━━━━━━━━━━━━━━━━━━━━━━━━━━━━━━━━━ 5.1/5.1 MB 4.9 MB/s  0:00:01
Downloading keras-3.13.2-py3-none-any.whl (1.5 MB)
   ━━━━━━━━━━━━━━━━━━━━━━━━━━━━━━━━━━━━━━━━ 1.5/1.5 MB 6.7 MB/s  0:00:00
Downloading libclang-18.1.1-py2.py3-none-manylinux2010_x86_64.whl (24.5 MB)
   ━━━━━━━━━━━━━━━━━━━━━━━━━━━━━━━━━━━━━━━━ 24.5/24.5 MB 8.2 MB/s  0:00:03
Downloading markdown-3.10.2-py3-none-any.whl (108 kB)
Downloading opt_einsum-3.4.0-py3-none-any.whl (71 kB)
Using cached packaging-26.0-py3-none-any.whl (74 kB)
Downloading protobuf-7.34.0-cp310-abi3-manylinux2014_x86_64.whl (324 kB)
Downloading setuptools-82.0.0-py3-none-any.whl (1.0 MB)
   ━━━━━━━━━━━━━━━━━━━━━━━━━━━━━━━━━━━━━━━━ 1.0/1.0 MB 5.6 MB/s  0:00:00
Downloading termcolor-3.3.0-py3-none-any.whl (7.7 kB)
Downloading werkzeug-3.1.6-py3-none-any.whl (225 kB)
Downloading markupsafe-3.0.3-cp312-cp312-manylinux2014_x86_64.manylinux_2_17_x86_64.manylinux_2_28_x86_64.whl (22 kB)
Downloading wrapt-2.1.2-cp312-cp312-manylinux1_x86_64.manylinux_2_28_x86_64.manylinux_2_5_x86_64.whl (121 kB)
Downloading namex-0.1.0-py3-none-any.whl (5.9 kB)
Downloading optree-0.19.0-cp312-cp312-manylinux_2_27_x86_64.manylinux_2_28_x86_64.whl (451 kB)
Downloading rich-14.3.3-py3-none-any.whl (310 kB)
Using cached pygments-2.19.2-py3-none-any.whl (1.2 MB)
Downloading markdown_it_py-4.0.0-py3-none-any.whl (87 kB)
Downloading mdurl-0.1.2-py3-none-any.whl (10.0 kB)
Installing collected packages: namex, libclang, flatbuffers, wrapt, urllib3, typing_extensions, termcolor, tensorboard-data-server, six, setuptools, pygments, protobuf, Pillow, packaging, opt_einsum, numpy, mdurl, markupsafe, markdown, idna, gast, charset_normalizer, certifi, absl-py, wheel, werkzeug, requests, optree, ml_dtypes, markdown-it-py, h5py, grpcio, google_pasta, tensorboard, rich, astunparse, keras, tensorflow

Successfully installed Pillow-12.1.1 absl-py-2.4.0 astunparse-1.6.3 certifi-2026.2.25 charset_normalizer-3.4.5 flatbuffers-25.12.19 gast-0.7.0 google_pasta-0.2.0 grpcio-1.78.0 h5py-3.15.1 idna-3.11 keras-3.13.2 libclang-18.1.1 markdown-3.10.2 markdown-it-py-4.0.0 markupsafe-3.0.3 mdurl-0.1.2 ml_dtypes-0.5.4 namex-0.1.0 numpy-2.4.2 opt_einsum-3.4.0 optree-0.19.0 packaging-26.0 protobuf-7.34.0 pygments-2.19.2 requests-2.32.5 rich-14.3.3 setuptools-82.0.0 six-1.17.0 tensorboard-2.20.0 tensorboard-data-server-0.7.2 tensorflow-2.20.0 termcolor-3.3.0 typing_extensions-4.15.0 urllib3-2.6.3 werkzeug-3.1.6 wheel-0.46.3 wrapt-2.1.2
